<?xml version="1.0" encoding="UTF-8"?>
<!-- Generated by org.testng.reporters.JUnitXMLReporter -->
<testsuite hostname="Saluja-16" ignored="0" name="Command line test" tests="3" failures="0" timestamp="04 Mar 2018 13:59:23 GMT" time="210.199" errors="0">
  <testcase name="feature" time="39.67" classname="demo.AesopAshDemo.UserTest"/>
  <testcase name="feature" time="55.485" classname="demo.AesopAshDemo.UserTest"/>
  <testcase name="feature" time="114.524" classname="demo.AesopAshDemo.UserTest"/>
</testsuite> <!-- Command line test -->
