<?xml version="1.0" encoding="UTF-8"?>
<testng-results skipped="0" failed="0" ignored="0" total="3" passed="3">
  <reporter-output>
  </reporter-output>
  <suite name="Command line suite" duration-ms="210199" started-at="2018-03-04T13:55:53Z" finished-at="2018-03-04T13:59:23Z">
    <groups>
      <group name="cucumber">
        <method signature="UserTest.feature(cucumber.api.testng.CucumberFeatureWrapper)[pri:0, instance:demo.AesopAshDemo.UserTest@3c09711b]" name="feature" class="demo.AesopAshDemo.UserTest"/>
      </group> <!-- cucumber -->
    </groups>
    <test name="Command line test" duration-ms="210199" started-at="2018-03-04T13:55:53Z" finished-at="2018-03-04T13:59:23Z">
      <class name="demo.AesopAshDemo.UserTest">
        <test-method status="PASS" signature="setUpClass()[pri:0, instance:demo.AesopAshDemo.UserTest@3c09711b]" name="setUpClass" is-config="true" duration-ms="250" started-at="2018-03-05T00:55:53Z" finished-at="2018-03-05T00:55:53Z">
          <reporter-output>
          </reporter-output>
        </test-method> <!-- setUpClass -->
        <test-method status="PASS" signature="feature(cucumber.api.testng.CucumberFeatureWrapper)[pri:0, instance:demo.AesopAshDemo.UserTest@3c09711b]" name="feature" duration-ms="39670" started-at="2018-03-05T00:55:53Z" description="Runs Cucumber Feature" data-provider="features" finished-at="2018-03-05T00:56:33Z">
          <params>
            <param index="0">
              <value>
                <![CDATA[LoginScreen]]>
              </value>
            </param>
          </params>
          <reporter-output>
          </reporter-output>
        </test-method> <!-- feature -->
        <test-method status="PASS" signature="feature(cucumber.api.testng.CucumberFeatureWrapper)[pri:0, instance:demo.AesopAshDemo.UserTest@3c09711b]" name="feature" duration-ms="55485" started-at="2018-03-05T00:56:33Z" description="Runs Cucumber Feature" data-provider="features" finished-at="2018-03-05T00:57:29Z">
          <params>
            <param index="0">
              <value>
                <![CDATA[SignUpPage for Unknown Email]]>
              </value>
            </param>
          </params>
          <reporter-output>
          </reporter-output>
        </test-method> <!-- feature -->
        <test-method status="PASS" signature="feature(cucumber.api.testng.CucumberFeatureWrapper)[pri:0, instance:demo.AesopAshDemo.UserTest@3c09711b]" name="feature" duration-ms="114524" started-at="2018-03-05T00:57:29Z" description="Runs Cucumber Feature" data-provider="features" finished-at="2018-03-05T00:59:23Z">
          <params>
            <param index="0">
              <value>
                <![CDATA[Checkout]]>
              </value>
            </param>
          </params>
          <reporter-output>
          </reporter-output>
        </test-method> <!-- feature -->
        <test-method status="PASS" signature="tearDownClass()[pri:0, instance:demo.AesopAshDemo.UserTest@3c09711b]" name="tearDownClass" is-config="true" duration-ms="94" started-at="2018-03-05T00:59:23Z" finished-at="2018-03-05T00:59:23Z">
          <reporter-output>
          </reporter-output>
        </test-method> <!-- tearDownClass -->
      </class> <!-- demo.AesopAshDemo.UserTest -->
    </test> <!-- Command line test -->
  </suite> <!-- Command line suite -->
</testng-results>
