<?xml version="1.0" encoding="UTF-8" ?>
<testsuite tests="1" failures="1" name="TestSuite" time="12.89" errors="0" skipped="0">
  <properties>
[...]
</properties>
  <testcase classname="demo.AesopAshDemo.UserTest" name="feature" time="12.89">
    <failure message="org.openqa.selenium.WebDriverException: unknown error: Element &lt;span class=&quot;Link-content&quot;&gt;...&lt;/span&gt; is not clickable at point (910, 45). Other element would receive the click: &lt;img alt=&quot;Aesop_Chinese_New_Year_2018_Homepage_Banner_Desktop_1440x1800px.jpg&quot;&gt;
  (Session info: chrome=64.0.3282.167)
  (Driver info: chromedriver=2.27.440174 (e97a722caafc2d3a8b807ee115bfb307f7d2cfd9),platform=Windows NT 10.0.16299 x86_64) (WARNING: The server did not provide any stacktrace information)
Command duration or timeout: 0 milliseconds
Build info: version: &apos;3.8.1&apos;, revision: &apos;6e95a6684b&apos;, time: &apos;2017-12-01T18:33:54.468Z&apos;
System info: host: &apos;SALUJA-16&apos;, ip: &apos;192.168.0.48&apos;, os.name: &apos;Windows 10&apos;, os.arch: &apos;amd64&apos;, os.version: &apos;10.0&apos;, java.version: &apos;1.8.0_161&apos;
Driver info: org.openqa.selenium.chrome.ChromeDriver
Capabilities {acceptSslCerts: true, applicationCacheEnabled: false, browserConnectionEnabled: false, browserName: chrome, chrome: {chromedriverVersion: 2.27.440174 (e97a722caafc2d..., userDataDir: C:\Users\Saluja\AppData\Loc...}, cssSelectorsEnabled: true, databaseEnabled: false, handlesAlerts: true, hasTouchScreen: false, javascriptEnabled: true, locationContextEnabled: true, mobileEmulationEnabled: false, nativeEvents: true, networkConnectionEnabled: false, pageLoadStrategy: normal, platform: XP, platformName: XP, rotatable: false, takesHeapSnapshot: true, takesScreenshot: true, unexpectedAlertBehaviour: , unhandledPromptBehavior: , version: 64.0.3282.167, webStorageEnabled: true}
Session ID: 5953ccf724ab498ccf538ba67284c35f" type="cucumber.runtime.CucumberException">cucumber.runtime.CucumberException: org.openqa.selenium.WebDriverException: unknown error: Element &lt;span class=&quot;Link-content&quot;&gt;...&lt;/span&gt; is not clickable at point (910, 45). Other element would receive the click: &lt;img alt=&quot;Aesop_Chinese_New_Year_2018_Homepage_Banner_Desktop_1440x1800px.jpg&quot;&gt;
  (Session info: chrome=64.0.3282.167)
  (Driver info: chromedriver=2.27.440174 (e97a722caafc2d3a8b807ee115bfb307f7d2cfd9),platform=Windows NT 10.0.16299 x86_64) (WARNING: The server did not provide any stacktrace information)
Command duration or timeout: 0 milliseconds
Build info: version: &apos;3.8.1&apos;, revision: &apos;6e95a6684b&apos;, time: &apos;2017-12-01T18:33:54.468Z&apos;
System info: host: &apos;SALUJA-16&apos;, ip: &apos;192.168.0.48&apos;, os.name: &apos;Windows 10&apos;, os.arch: &apos;amd64&apos;, os.version: &apos;10.0&apos;, java.version: &apos;1.8.0_161&apos;
Driver info: org.openqa.selenium.chrome.ChromeDriver
Capabilities {acceptSslCerts: true, applicationCacheEnabled: false, browserConnectionEnabled: false, browserName: chrome, chrome: {chromedriverVersion: 2.27.440174 (e97a722caafc2d..., userDataDir: C:\Users\Saluja\AppData\Loc...}, cssSelectorsEnabled: true, databaseEnabled: false, handlesAlerts: true, hasTouchScreen: false, javascriptEnabled: true, locationContextEnabled: true, mobileEmulationEnabled: false, nativeEvents: true, networkConnectionEnabled: false, pageLoadStrategy: normal, platform: XP, platformName: XP, rotatable: false, takesHeapSnapshot: true, takesScreenshot: true, unexpectedAlertBehaviour: , unhandledPromptBehavior: , version: 64.0.3282.167, webStorageEnabled: true}
Session ID: 5953ccf724ab498ccf538ba67284c35f
	at cucumber.api.testng.TestNGCucumberRunner.runCucumber(TestNGCucumberRunner.java:69)
	at demo.AesopAshDemo.UserTest.feature(UserTest.java:31)
Caused by: org.openqa.selenium.WebDriverException: unknown error: Element &lt;span class=&quot;Link-content&quot;&gt;...&lt;/span&gt; is not clickable at point (910, 45). Other element would receive the click: &lt;img alt=&quot;Aesop_Chinese_New_Year_2018_Homepage_Banner_Desktop_1440x1800px.jpg&quot;&gt;
  (Session info: chrome=64.0.3282.167)
  (Driver info: chromedriver=2.27.440174 (e97a722caafc2d3a8b807ee115bfb307f7d2cfd9),platform=Windows NT 10.0.16299 x86_64) (WARNING: The server did not provide any stacktrace information)
Command duration or timeout: 0 milliseconds
Build info: version: &apos;3.8.1&apos;, revision: &apos;6e95a6684b&apos;, time: &apos;2017-12-01T18:33:54.468Z&apos;
System info: host: &apos;SALUJA-16&apos;, ip: &apos;192.168.0.48&apos;, os.name: &apos;Windows 10&apos;, os.arch: &apos;amd64&apos;, os.version: &apos;10.0&apos;, java.version: &apos;1.8.0_161&apos;
Driver info: org.openqa.selenium.chrome.ChromeDriver
Capabilities {acceptSslCerts: true, applicationCacheEnabled: false, browserConnectionEnabled: false, browserName: chrome, chrome: {chromedriverVersion: 2.27.440174 (e97a722caafc2d..., userDataDir: C:\Users\Saluja\AppData\Loc...}, cssSelectorsEnabled: true, databaseEnabled: false, handlesAlerts: true, hasTouchScreen: false, javascriptEnabled: true, locationContextEnabled: true, mobileEmulationEnabled: false, nativeEvents: true, networkConnectionEnabled: false, pageLoadStrategy: normal, platform: XP, platformName: XP, rotatable: false, takesHeapSnapshot: true, takesScreenshot: true, unexpectedAlertBehaviour: , unhandledPromptBehavior: , version: 64.0.3282.167, webStorageEnabled: true}
Session ID: 5953ccf724ab498ccf538ba67284c35f
	at sun.reflect.NativeConstructorAccessorImpl.newInstance0(Native Method)
	at sun.reflect.NativeConstructorAccessorImpl.newInstance(NativeConstructorAccessorImpl.java:62)
	at sun.reflect.DelegatingConstructorAccessorImpl.newInstance(DelegatingConstructorAccessorImpl.java:45)
	at java.lang.reflect.Constructor.newInstance(Constructor.java:423)
	at org.openqa.selenium.remote.ErrorHandler.createThrowable(ErrorHandler.java:214)
	at org.openqa.selenium.remote.ErrorHandler.throwIfResponseFailed(ErrorHandler.java:166)
	at org.openqa.selenium.remote.http.JsonHttpResponseCodec.reconstructValue(JsonHttpResponseCodec.java:40)
	at org.openqa.selenium.remote.http.AbstractHttpResponseCodec.decode(AbstractHttpResponseCodec.java:80)
	at org.openqa.selenium.remote.http.AbstractHttpResponseCodec.decode(AbstractHttpResponseCodec.java:44)
	at org.openqa.selenium.remote.HttpCommandExecutor.execute(HttpCommandExecutor.java:164)
	at org.openqa.selenium.remote.service.DriverCommandExecutor.execute(DriverCommandExecutor.java:83)
	at org.openqa.selenium.remote.RemoteWebDriver.execute(RemoteWebDriver.java:601)
	at org.openqa.selenium.remote.RemoteWebElement.execute(RemoteWebElement.java:279)
	at org.openqa.selenium.remote.RemoteWebElement.click(RemoteWebElement.java:83)
	at demo.AesopAshDemo.TestSteps.login_button(TestSteps.java:49)
	at ✽.When Click on Login button(feature.feature:5)
</failure>
    <system-out>Configuring TestNG with: org.apache.maven.surefire.testng.conf.TestNG652Configurator@299a06ac
Feature: AesopDemo
Going to Main Page
Clicking on Login Button
Login

  Scenario: Verify Login screen appears when clicked on Login button &amp;#27;[90m# feature.feature:3&amp;#27;[0m
    &amp;#27;[32mGiven &amp;#27;[0m&amp;#27;[32mNavigate to home page&amp;#27;[0m                                      &amp;#27;[90m# TestSteps.main_page()&amp;#27;[0m
    &amp;#27;[31mWhen &amp;#27;[0m&amp;#27;[31mClick on Login button&amp;#27;[0m                                       &amp;#27;[90m# TestSteps.login_button()&amp;#27;[0m
      &amp;#27;[31morg.openqa.selenium.WebDriverException: unknown error: Element &lt;span class=&quot;Link-content&quot;&gt;...&lt;/span&gt; is not clickable at point (910, 45). Other element would receive the click: &lt;img alt=&quot;Aesop_Chinese_New_Year_2018_Homepage_Banner_Desktop_1440x1800px.jpg&quot;&gt;
        (Session info: chrome=64.0.3282.167)
        (Driver info: chromedriver=2.27.440174 (e97a722caafc2d3a8b807ee115bfb307f7d2cfd9),platform=Windows NT 10.0.16299 x86_64) (WARNING: The server did not provide any stacktrace information)
      Command duration or timeout: 0 milliseconds
      Build info: version: &apos;3.8.1&apos;, revision: &apos;6e95a6684b&apos;, time: &apos;2017-12-01T18:33:54.468Z&apos;
      System info: host: &apos;SALUJA-16&apos;, ip: &apos;192.168.0.48&apos;, os.name: &apos;Windows 10&apos;, os.arch: &apos;amd64&apos;, os.version: &apos;10.0&apos;, java.version: &apos;1.8.0_161&apos;
      Driver info: org.openqa.selenium.chrome.ChromeDriver
      Capabilities {acceptSslCerts: true, applicationCacheEnabled: false, browserConnectionEnabled: false, browserName: chrome, chrome: {chromedriverVersion: 2.27.440174 (e97a722caafc2d..., userDataDir: C:\Users\Saluja\AppData\Loc...}, cssSelectorsEnabled: true, databaseEnabled: false, handlesAlerts: true, hasTouchScreen: false, javascriptEnabled: true, locationContextEnabled: true, mobileEmulationEnabled: false, nativeEvents: true, networkConnectionEnabled: false, pageLoadStrategy: normal, platform: XP, platformName: XP, rotatable: false, takesHeapSnapshot: true, takesScreenshot: true, unexpectedAlertBehaviour: , unhandledPromptBehavior: , version: 64.0.3282.167, webStorageEnabled: true}
      Session ID: 5953ccf724ab498ccf538ba67284c35f
      	at sun.reflect.NativeConstructorAccessorImpl.newInstance0(Native Method)
      	at sun.reflect.NativeConstructorAccessorImpl.newInstance(NativeConstructorAccessorImpl.java:62)
      	at sun.reflect.DelegatingConstructorAccessorImpl.newInstance(DelegatingConstructorAccessorImpl.java:45)
      	at java.lang.reflect.Constructor.newInstance(Constructor.java:423)
      	at org.openqa.selenium.remote.ErrorHandler.createThrowable(ErrorHandler.java:214)
      	at org.openqa.selenium.remote.ErrorHandler.throwIfResponseFailed(ErrorHandler.java:166)
      	at org.openqa.selenium.remote.http.JsonHttpResponseCodec.reconstructValue(JsonHttpResponseCodec.java:40)
      	at org.openqa.selenium.remote.http.AbstractHttpResponseCodec.decode(AbstractHttpResponseCodec.java:80)
      	at org.openqa.selenium.remote.http.AbstractHttpResponseCodec.decode(AbstractHttpResponseCodec.java:44)
      	at org.openqa.selenium.remote.HttpCommandExecutor.execute(HttpCommandExecutor.java:164)
      	at org.openqa.selenium.remote.service.DriverCommandExecutor.execute(DriverCommandExecutor.java:83)
      	at org.openqa.selenium.remote.RemoteWebDriver.execute(RemoteWebDriver.java:601)
      	at org.openqa.selenium.remote.RemoteWebElement.execute(RemoteWebElement.java:279)
      	at org.openqa.selenium.remote.RemoteWebElement.click(RemoteWebElement.java:83)
      	at demo.AesopAshDemo.TestSteps.login_button(TestSteps.java:49)
      	at ?.When Click on Login button(feature.feature:5)
      &amp;#27;[0m
    &amp;#27;[36mThen &amp;#27;[0m&amp;#27;[36mLogin screen appears&amp;#27;[0m                                        &amp;#27;[90m# TestSteps.login_window()&amp;#27;[0m
    &amp;#27;[36mAnd &amp;#27;[0m&amp;#27;[36mClose the browser&amp;#27;[0m                                            &amp;#27;[90m# TestSteps.close_browser()&amp;#27;[0m
</system-out>
    <system-err>Starting ChromeDriver 2.27.440174 (e97a722caafc2d3a8b807ee115bfb307f7d2cfd9) on port 29436
Only local connections are allowed.
Mar 01, 2018 8:16:28 PM org.openqa.selenium.remote.ProtocolHandshake createSession
INFO: Detected dialect: OSS
</system-err>
  </testcase>
</testsuite>