<?xml version="1.0" encoding="UTF-8"?>
<testng-results skipped="0" failed="1" ignored="0" total="3" passed="2">
  <reporter-output>
  </reporter-output>
  <suite name="Default suite" duration-ms="259237" started-at="2018-03-04T08:34:20Z" finished-at="2018-03-04T08:38:39Z">
    <groups>
      <group name="cucumber">
        <method signature="UserTest.feature(cucumber.api.testng.CucumberFeatureWrapper)[pri:0, instance:demo.AesopAshDemo.UserTest@5f341870]" name="feature" class="demo.AesopAshDemo.UserTest"/>
      </group> <!-- cucumber -->
    </groups>
    <test name="Default test" duration-ms="259237" started-at="2018-03-04T08:34:20Z" finished-at="2018-03-04T08:38:39Z">
      <class name="demo.AesopAshDemo.UserTest">
        <test-method status="PASS" signature="setUpClass()[pri:0, instance:demo.AesopAshDemo.UserTest@5f341870]" name="setUpClass" is-config="true" duration-ms="277" started-at="2018-03-04T19:34:20Z" finished-at="2018-03-04T19:34:20Z">
          <reporter-output>
          </reporter-output>
        </test-method> <!-- setUpClass -->
        <test-method status="PASS" signature="feature(cucumber.api.testng.CucumberFeatureWrapper)[pri:0, instance:demo.AesopAshDemo.UserTest@5f341870]" name="feature" duration-ms="66333" started-at="2018-03-04T19:34:20Z" description="Runs Cucumber Feature" data-provider="features" finished-at="2018-03-04T19:35:27Z">
          <params>
            <param index="0">
              <value>
                <![CDATA[LoginScreen]]>
              </value>
            </param>
          </params>
          <reporter-output>
          </reporter-output>
        </test-method> <!-- feature -->
        <test-method status="FAIL" signature="feature(cucumber.api.testng.CucumberFeatureWrapper)[pri:0, instance:demo.AesopAshDemo.UserTest@5f341870]" name="feature" duration-ms="65171" started-at="2018-03-04T19:35:27Z" description="Runs Cucumber Feature" data-provider="features" finished-at="2018-03-04T19:36:32Z">
          <params>
            <param index="0">
              <value>
                <![CDATA[SignUpPage for Unknown Email]]>
              </value>
            </param>
          </params>
          <exception class="cucumber.runtime.CucumberException">
            <message>
              <![CDATA[java.lang.AssertionError: The following asserts failed:expected [Title] but found [No Title]]]>
            </message>
            <full-stacktrace>
              <![CDATA[cucumber.runtime.CucumberException: java.lang.AssertionError: The following asserts failed:expected [Title] but found [No Title]at cucumber.api.testng.TestNGCucumberRunner.runCucumber(TestNGCucumberRunner.java:69)at demo.AesopAshDemo.UserTest.feature(UserTest.java:31)at sun.reflect.NativeMethodAccessorImpl.invoke0(Native Method)at sun.reflect.NativeMethodAccessorImpl.invoke(Unknown Source)at sun.reflect.DelegatingMethodAccessorImpl.invoke(Unknown Source)at java.lang.reflect.Method.invoke(Unknown Source)at org.testng.internal.MethodInvocationHelper.invokeMethod(MethodInvocationHelper.java:124)at org.testng.internal.Invoker.invokeMethod(Invoker.java:571)at org.testng.internal.Invoker.invokeTestMethod(Invoker.java:707)at org.testng.internal.Invoker.invokeTestMethods(Invoker.java:979)at org.testng.internal.TestMethodWorker.invokeTestMethods(TestMethodWorker.java:125)at org.testng.internal.TestMethodWorker.run(TestMethodWorker.java:109)at org.testng.TestRunner.privateRun(TestRunner.java:648)at org.testng.TestRunner.run(TestRunner.java:505)at org.testng.SuiteRunner.runTest(SuiteRunner.java:455)at org.testng.SuiteRunner.runSequentially(SuiteRunner.java:450)at org.testng.SuiteRunner.privateRun(SuiteRunner.java:415)at org.testng.SuiteRunner.run(SuiteRunner.java:364)at org.testng.SuiteRunnerWorker.runSuite(SuiteRunnerWorker.java:52)at org.testng.SuiteRunnerWorker.run(SuiteRunnerWorker.java:84)at org.testng.TestNG.runSuitesSequentially(TestNG.java:1187)at org.testng.TestNG.runSuitesLocally(TestNG.java:1116)at org.testng.TestNG.runSuites(TestNG.java:1028)at org.testng.TestNG.run(TestNG.java:996)at org.testng.remote.AbstractRemoteTestNG.run(AbstractRemoteTestNG.java:114)at org.testng.remote.RemoteTestNG.initAndRun(RemoteTestNG.java:251)at org.testng.remote.RemoteTestNG.main(RemoteTestNG.java:77)Caused by: java.lang.AssertionError: The following asserts failed:expected [Title] but found [No Title]at org.testng.asserts.SoftAssert.assertAll(SoftAssert.java:43)at demo.AesopAshDemo.TestSteps.signup_window(TestSteps.java:129)at ✽.Then Screen appears with Title, Firstname and Lastname(feature_2.feature:6)]]>
            </full-stacktrace>
          </exception> <!-- cucumber.runtime.CucumberException -->
          <reporter-output>
          </reporter-output>
        </test-method> <!-- feature -->
        <test-method status="PASS" signature="feature(cucumber.api.testng.CucumberFeatureWrapper)[pri:0, instance:demo.AesopAshDemo.UserTest@5f341870]" name="feature" duration-ms="127274" started-at="2018-03-04T19:36:32Z" description="Runs Cucumber Feature" data-provider="features" finished-at="2018-03-04T19:38:39Z">
          <params>
            <param index="0">
              <value>
                <![CDATA[Checkout]]>
              </value>
            </param>
          </params>
          <reporter-output>
          </reporter-output>
        </test-method> <!-- feature -->
        <test-method status="PASS" signature="tearDownClass()[pri:0, instance:demo.AesopAshDemo.UserTest@5f341870]" name="tearDownClass" is-config="true" duration-ms="48" started-at="2018-03-04T19:38:39Z" finished-at="2018-03-04T19:38:39Z">
          <reporter-output>
          </reporter-output>
        </test-method> <!-- tearDownClass -->
      </class> <!-- demo.AesopAshDemo.UserTest -->
    </test> <!-- Default test -->
  </suite> <!-- Default suite -->
</testng-results>
